\BOOKMARK [1][-]{section.1}{Introdu\347\343o}{}% 1
\BOOKMARK [1][-]{section.2}{Stochastic Hill Climbing}{}% 2
\BOOKMARK [2][-]{subsection.2.1}{Orienta\347\365es}{section.2}% 3
\BOOKMARK [2][-]{subsection.2.2}{Implementa\347\343o}{section.2}% 4
\BOOKMARK [3][-]{subsubsection.2.2.1}{Codifica\347\343o da solu\347\343o candidata}{subsection.2.2}% 5
\BOOKMARK [3][-]{subsubsection.2.2.2}{Fun\347\343o Objetivo}{subsection.2.2}% 6
\BOOKMARK [3][-]{subsubsection.2.2.3}{Heur\355sticas e Crit\351rios de parada}{subsection.2.2}% 7
\BOOKMARK [2][-]{subsection.2.3}{Execu\347\343o e An\341lise de resultados}{section.2}% 8
\BOOKMARK [3][-]{subsubsection.2.3.1}{Execu\347\343o}{subsection.2.3}% 9
\BOOKMARK [3][-]{subsubsection.2.3.2}{Gr\341ficos}{subsection.2.3}% 10
\BOOKMARK [3][-]{subsubsection.2.3.3}{Melhores solu\347\365es encontradas}{subsection.2.3}% 11
\BOOKMARK [1][-]{section.3}{Algoritmo Gen\351tico}{}% 12
\BOOKMARK [2][-]{subsection.3.1}{Orienta\347\365es}{section.3}% 13
\BOOKMARK [2][-]{subsection.3.2}{Implementa\347\343o}{section.3}% 14
\BOOKMARK [3][-]{subsubsection.3.2.1}{Codifica\347\343o da solu\347\343o candidata}{subsection.3.2}% 15
\BOOKMARK [3][-]{subsubsection.3.2.2}{Fun\347\343o Objetivo}{subsection.3.2}% 16
\BOOKMARK [3][-]{subsubsection.3.2.3}{Heur\355sticas e Crit\351rios de parada}{subsection.3.2}% 17
\BOOKMARK [2][-]{subsection.3.3}{Execu\347\343o e An\341lise de resultados}{section.3}% 18
\BOOKMARK [3][-]{subsubsection.3.3.1}{Execu\347\343o}{subsection.3.3}% 19
\BOOKMARK [3][-]{subsubsection.3.3.2}{Gr\341ficos}{subsection.3.3}% 20
\BOOKMARK [3][-]{subsubsection.3.3.3}{Melhores solu\347\365es encontradas}{subsection.3.3}% 21
